Resources\izetizer\r\mipmap-xxhdpi\appicon_foreground.png : error APT2126: file not found. [E:\Rohit_Mundhe\WOrk\GroceryApp\GroceryApp.csproj::TargetFramework=net9.0-android]
Resources\izetizer\r\mipmap-xxhdpi\appicon_foreground.png : error APT2126:  [E:\Rohit_Mundhe\WOrk\GroceryApp\GroceryApp.csproj::TargetFramework=net9.0-android]
Resources\izetizer\sp\drawable-xhdpi\splash.png : error APT2126: file not found. [E:\Rohit_Mundhe\WOrk\GroceryApp\GroceryApp.csproj::TargetFramework=net9.0-android]
Resources\izetizer\sp\drawable-xhdpi\splash.png : error APT2126:  [E:\Rohit_Mundhe\WOrk\GroceryApp\GroceryApp.csproj::TargetFramework=net9.0-android]
Resources\izetizer\r\mipmap-xxhdpi\appicon.png : error APT2126: file not found. [E:\Rohit_Mundhe\WOrk\GroceryApp\GroceryApp.csproj::TargetFramework=net9.0-android]
Resources\izetizer\r\mipmap-xxhdpi\appicon.png : error APT2126:  [E:\Rohit_Mundhe\WOrk\GroceryApp\GroceryApp.csproj::TargetFramework=net9.0-android]
Resources\izetizer\r\drawable-hdpi\dotnet_bot.png : error APT2126: file not found. [E:\Rohit_Mundhe\WOrk\GroceryApp\GroceryApp.csproj::TargetFramework=net9.0-android]
Resources\izetizer\r\drawable-hdpi\dotnet_bot.png : error APT2126:  [E:\Rohit_Mundhe\WOrk\GroceryApp\GroceryApp.csproj::TargetFramework=net9.0-android]
Resources\izetizer\r\mipmap-xxxhdpi\appicon_background.png : error APT2126: file not found. [E:\Rohit_Mundhe\WOrk\GroceryApp\GroceryApp.csproj::TargetFramework=net9.0-android]
Resources\izetizer\r\mipmap-xxxhdpi\appicon_background.png : error APT2126:  [E:\Rohit_Mundhe\WOrk\GroceryApp\GroceryApp.csproj::TargetFramework=net9.0-android]
Resources\izetizer\r\mipmap-xhdpi\appicon_background.png : error APT2126: file not found. [E:\Rohit_Mundhe\WOrk\GroceryApp\GroceryApp.csproj::TargetFramework=net9.0-android]
Resources\izetizer\r\mipmap-xhdpi\appicon_background.png : error APT2126:  [E:\Rohit_Mundhe\WOrk\GroceryApp\GroceryApp.csproj::TargetFramework=net9.0-android]
Resources\izetizer\sp\drawable-mdpi\splash.png : error APT2126: file not found. [E:\Rohit_Mundhe\WOrk\GroceryApp\GroceryApp.csproj::TargetFramework=net9.0-android]
Resources\izetizer\sp\drawable-mdpi\splash.png : error APT2126:  [E:\Rohit_Mundhe\WOrk\GroceryApp\GroceryApp.csproj::TargetFramework=net9.0-android]
Resources\izetizer\r\mipmap-xhdpi\appicon_round.png : error APT2126: file not found. [E:\Rohit_Mundhe\WOrk\GroceryApp\GroceryApp.csproj::TargetFramework=net9.0-android]
Resources\izetizer\r\mipmap-xhdpi\appicon_round.png : error APT2126:  [E:\Rohit_Mundhe\WOrk\GroceryApp\GroceryApp.csproj::TargetFramework=net9.0-android]
Resources\izetizer\r\mipmap-mdpi\appicon_round.png : error APT2126: file not found. [E:\Rohit_Mundhe\WOrk\GroceryApp\GroceryApp.csproj::TargetFramework=net9.0-android]
Resources\izetizer\r\mipmap-mdpi\appicon_round.png : error APT2126:  [E:\Rohit_Mundhe\WOrk\GroceryApp\GroceryApp.csproj::TargetFramework=net9.0-android]
Resources\izetizer\r\drawable-xhdpi\dotnet_bot.png : error APT2126: file not found. [E:\Rohit_Mundhe\WOrk\GroceryApp\GroceryApp.csproj::TargetFramework=net9.0-android]
Resources\izetizer\r\drawable-xhdpi\dotnet_bot.png : error APT2126:  [E:\Rohit_Mundhe\WOrk\GroceryApp\GroceryApp.csproj::TargetFramework=net9.0-android]
Resources\izetizer\r\mipmap-xxxhdpi\appicon_foreground.png : error APT2126: file not found. [E:\Rohit_Mundhe\WOrk\GroceryApp\GroceryApp.csproj::TargetFramework=net9.0-android]
Resources\izetizer\r\mipmap-xxxhdpi\appicon_foreground.png : error APT2126:  [E:\Rohit_Mundhe\WOrk\GroceryApp\GroceryApp.csproj::TargetFramework=net9.0-android]
Resources\izetizer\r\mipmap-xhdpi\appicon_foreground.png : error APT2126: file not found. [E:\Rohit_Mundhe\WOrk\GroceryApp\GroceryApp.csproj::TargetFramework=net9.0-android]
Resources\izetizer\r\mipmap-xhdpi\appicon_foreground.png : error APT2126:  [E:\Rohit_Mundhe\WOrk\GroceryApp\GroceryApp.csproj::TargetFramework=net9.0-android]
Resources\izetizer\r\mipmap-mdpi\appicon_foreground.png : error APT2126: file not found. [E:\Rohit_Mundhe\WOrk\GroceryApp\GroceryApp.csproj::TargetFramework=net9.0-android]
Resources\izetizer\r\mipmap-mdpi\appicon_foreground.png : error APT2126:  [E:\Rohit_Mundhe\WOrk\GroceryApp\GroceryApp.csproj::TargetFramework=net9.0-android]
Resources\izetizer\sp\drawable\maui_splash_image.xml : error APT2126: file not found. [E:\Rohit_Mundhe\WOrk\GroceryApp\GroceryApp.csproj::TargetFramework=net9.0-android]
Resources\izetizer\sp\drawable\maui_splash_image.xml : error APT2126:  [E:\Rohit_Mundhe\WOrk\GroceryApp\GroceryApp.csproj::TargetFramework=net9.0-android]
Resources\izetizer\r\mipmap-xxhdpi\appicon_round.png : error APT2126: file not found. [E:\Rohit_Mundhe\WOrk\GroceryApp\GroceryApp.csproj::TargetFramework=net9.0-android]
Resources\izetizer\r\mipmap-xxhdpi\appicon_round.png : error APT2126:  [E:\Rohit_Mundhe\WOrk\GroceryApp\GroceryApp.csproj::TargetFramework=net9.0-android]
Resources\izetizer\r\mipmap-hdpi\appicon_foreground.png : error APT2126: file not found. [E:\Rohit_Mundhe\WOrk\GroceryApp\GroceryApp.csproj::TargetFramework=net9.0-android]
Resources\izetizer\r\mipmap-hdpi\appicon_foreground.png : error APT2126:  [E:\Rohit_Mundhe\WOrk\GroceryApp\GroceryApp.csproj::TargetFramework=net9.0-android]
Resources\izetizer\sp\drawable-hdpi\splash.png : error APT2126: file not found. [E:\Rohit_Mundhe\WOrk\GroceryApp\GroceryApp.csproj::TargetFramework=net9.0-android]
Resources\izetizer\sp\drawable-hdpi\splash.png : error APT2126:  [E:\Rohit_Mundhe\WOrk\GroceryApp\GroceryApp.csproj::TargetFramework=net9.0-android]
Resources\izetizer\r\mipmap-hdpi\appicon.png : error APT2126: file not found. [E:\Rohit_Mundhe\WOrk\GroceryApp\GroceryApp.csproj::TargetFramework=net9.0-android]
Resources\izetizer\r\mipmap-hdpi\appicon.png : error APT2126:  [E:\Rohit_Mundhe\WOrk\GroceryApp\GroceryApp.csproj::TargetFramework=net9.0-android]
Resources\izetizer\sp\drawable-v31\maui_splash_image.xml : error APT2126: file not found. [E:\Rohit_Mundhe\WOrk\GroceryApp\GroceryApp.csproj::TargetFramework=net9.0-android]
Resources\izetizer\sp\drawable-v31\maui_splash_image.xml : error APT2126:  [E:\Rohit_Mundhe\WOrk\GroceryApp\GroceryApp.csproj::TargetFramework=net9.0-android]
Resources\izetizer\r\mipmap-xxxhdpi\appicon.png : error APT2126: file not found. [E:\Rohit_Mundhe\WOrk\GroceryApp\GroceryApp.csproj::TargetFramework=net9.0-android]
Resources\izetizer\r\mipmap-xxxhdpi\appicon.png : error APT2126:  [E:\Rohit_Mundhe\WOrk\GroceryApp\GroceryApp.csproj::TargetFramework=net9.0-android]
Resources\izetizer\r\mipmap-mdpi\appicon.png : error APT2126: file not found. [E:\Rohit_Mundhe\WOrk\GroceryApp\GroceryApp.csproj::TargetFramework=net9.0-android]
Resources\izetizer\r\mipmap-mdpi\appicon.png : error APT2126:  [E:\Rohit_Mundhe\WOrk\GroceryApp\GroceryApp.csproj::TargetFramework=net9.0-android]
Resources\izetizer\r\mipmap-anydpi-v26\appicon_round.xml : error APT2126: file not found. [E:\Rohit_Mundhe\WOrk\GroceryApp\GroceryApp.csproj::TargetFramework=net9.0-android]
Resources\izetizer\r\mipmap-anydpi-v26\appicon_round.xml : error APT2126:  [E:\Rohit_Mundhe\WOrk\GroceryApp\GroceryApp.csproj::TargetFramework=net9.0-android]
Resources\izetizer\sp\drawable-xxxhdpi\splash.png : error APT2126: file not found. [E:\Rohit_Mundhe\WOrk\GroceryApp\GroceryApp.csproj::TargetFramework=net9.0-android]
Resources\izetizer\sp\drawable-xxxhdpi\splash.png : error APT2126:  [E:\Rohit_Mundhe\WOrk\GroceryApp\GroceryApp.csproj::TargetFramework=net9.0-android]
Resources\izetizer\r\mipmap-xxhdpi\appicon_background.png : error APT2126: file not found. [E:\Rohit_Mundhe\WOrk\GroceryApp\GroceryApp.csproj::TargetFramework=net9.0-android]
Resources\izetizer\r\mipmap-xxhdpi\appicon_background.png : error APT2126:  [E:\Rohit_Mundhe\WOrk\GroceryApp\GroceryApp.csproj::TargetFramework=net9.0-android]
Resources\izetizer\r\mipmap-xhdpi\appicon.png : error APT2126: file not found. [E:\Rohit_Mundhe\WOrk\GroceryApp\GroceryApp.csproj::TargetFramework=net9.0-android]
Resources\izetizer\r\mipmap-xhdpi\appicon.png : error APT2126:  [E:\Rohit_Mundhe\WOrk\GroceryApp\GroceryApp.csproj::TargetFramework=net9.0-android]
Resources\izetizer\r\mipmap-mdpi\appicon_background.png : error APT2126: file not found. [E:\Rohit_Mundhe\WOrk\GroceryApp\GroceryApp.csproj::TargetFramework=net9.0-android]
Resources\izetizer\r\mipmap-mdpi\appicon_background.png : error APT2126:  [E:\Rohit_Mundhe\WOrk\GroceryApp\GroceryApp.csproj::TargetFramework=net9.0-android]
Resources\izetizer\r\mipmap-anydpi-v26\appicon.xml : error APT2126: file not found. [E:\Rohit_Mundhe\WOrk\GroceryApp\GroceryApp.csproj::TargetFramework=net9.0-android]
Resources\izetizer\r\mipmap-anydpi-v26\appicon.xml : error APT2126:  [E:\Rohit_Mundhe\WOrk\GroceryApp\GroceryApp.csproj::TargetFramework=net9.0-android]
Resources\izetizer\sp\values\maui_colors.xml : error APT2126: file not found. [E:\Rohit_Mundhe\WOrk\GroceryApp\GroceryApp.csproj::TargetFramework=net9.0-android]
Resources\izetizer\sp\values\maui_colors.xml : error APT2126:  [E:\Rohit_Mundhe\WOrk\GroceryApp\GroceryApp.csproj::TargetFramework=net9.0-android]
Resources\izetizer\r\mipmap-hdpi\appicon_round.png : error APT2126: file not found. [E:\Rohit_Mundhe\WOrk\GroceryApp\GroceryApp.csproj::TargetFramework=net9.0-android]
Resources\izetizer\r\mipmap-hdpi\appicon_round.png : error APT2126:  [E:\Rohit_Mundhe\WOrk\GroceryApp\GroceryApp.csproj::TargetFramework=net9.0-android]
Resources\izetizer\r\drawable-xxxhdpi\dotnet_bot.png : error APT2126: file not found. [E:\Rohit_Mundhe\WOrk\GroceryApp\GroceryApp.csproj::TargetFramework=net9.0-android]
Resources\izetizer\r\drawable-xxxhdpi\dotnet_bot.png : error APT2126:  [E:\Rohit_Mundhe\WOrk\GroceryApp\GroceryApp.csproj::TargetFramework=net9.0-android]
Resources\izetizer\r\drawable-mdpi\dotnet_bot.png : error APT2126: file not found. [E:\Rohit_Mundhe\WOrk\GroceryApp\GroceryApp.csproj::TargetFramework=net9.0-android]
Resources\izetizer\r\drawable-mdpi\dotnet_bot.png : error APT2126:  [E:\Rohit_Mundhe\WOrk\GroceryApp\GroceryApp.csproj::TargetFramework=net9.0-android]
Resources\izetizer\r\mipmap-xxxhdpi\appicon_round.png : error APT2126: file not found. [E:\Rohit_Mundhe\WOrk\GroceryApp\GroceryApp.csproj::TargetFramework=net9.0-android]
Resources\izetizer\r\mipmap-xxxhdpi\appicon_round.png : error APT2126:  [E:\Rohit_Mundhe\WOrk\GroceryApp\GroceryApp.csproj::TargetFramework=net9.0-android]
Resources\izetizer\r\mipmap-hdpi\appicon_background.png : error APT2126: file not found. [E:\Rohit_Mundhe\WOrk\GroceryApp\GroceryApp.csproj::TargetFramework=net9.0-android]
Resources\izetizer\r\mipmap-hdpi\appicon_background.png : error APT2126:  [E:\Rohit_Mundhe\WOrk\GroceryApp\GroceryApp.csproj::TargetFramework=net9.0-android]
Resources\izetizer\r\drawable-xxhdpi\dotnet_bot.png : error APT2126: file not found. [E:\Rohit_Mundhe\WOrk\GroceryApp\GroceryApp.csproj::TargetFramework=net9.0-android]
Resources\izetizer\r\drawable-xxhdpi\dotnet_bot.png : error APT2126:  [E:\Rohit_Mundhe\WOrk\GroceryApp\GroceryApp.csproj::TargetFramework=net9.0-android]
Resources\izetizer\sp\drawable-xxhdpi\splash.png : error APT2126: file not found. [E:\Rohit_Mundhe\WOrk\GroceryApp\GroceryApp.csproj::TargetFramework=net9.0-android]
Resources\izetizer\sp\drawable-xxhdpi\splash.png : error APT2126:  [E:\Rohit_Mundhe\WOrk\GroceryApp\GroceryApp.csproj::TargetFramework=net9.0-android]

Build FAILED.

Resources\izetizer\r\mipmap-xxhdpi\appicon_foreground.png : error APT2126: file not found. [E:\Rohit_Mundhe\WOrk\GroceryApp\GroceryApp.csproj::TargetFramework=net9.0-android]
Resources\izetizer\r\mipmap-xxhdpi\appicon_foreground.png : error APT2126:  [E:\Rohit_Mundhe\WOrk\GroceryApp\GroceryApp.csproj::TargetFramework=net9.0-android]
Resources\izetizer\sp\drawable-xhdpi\splash.png : error APT2126: file not found. [E:\Rohit_Mundhe\WOrk\GroceryApp\GroceryApp.csproj::TargetFramework=net9.0-android]
Resources\izetizer\sp\drawable-xhdpi\splash.png : error APT2126:  [E:\Rohit_Mundhe\WOrk\GroceryApp\GroceryApp.csproj::TargetFramework=net9.0-android]
Resources\izetizer\r\mipmap-xxhdpi\appicon.png : error APT2126: file not found. [E:\Rohit_Mundhe\WOrk\GroceryApp\GroceryApp.csproj::TargetFramework=net9.0-android]
Resources\izetizer\r\mipmap-xxhdpi\appicon.png : error APT2126:  [E:\Rohit_Mundhe\WOrk\GroceryApp\GroceryApp.csproj::TargetFramework=net9.0-android]
Resources\izetizer\r\drawable-hdpi\dotnet_bot.png : error APT2126: file not found. [E:\Rohit_Mundhe\WOrk\GroceryApp\GroceryApp.csproj::TargetFramework=net9.0-android]
Resources\izetizer\r\drawable-hdpi\dotnet_bot.png : error APT2126:  [E:\Rohit_Mundhe\WOrk\GroceryApp\GroceryApp.csproj::TargetFramework=net9.0-android]
Resources\izetizer\r\mipmap-xxxhdpi\appicon_background.png : error APT2126: file not found. [E:\Rohit_Mundhe\WOrk\GroceryApp\GroceryApp.csproj::TargetFramework=net9.0-android]
Resources\izetizer\r\mipmap-xxxhdpi\appicon_background.png : error APT2126:  [E:\Rohit_Mundhe\WOrk\GroceryApp\GroceryApp.csproj::TargetFramework=net9.0-android]
Resources\izetizer\r\mipmap-xhdpi\appicon_background.png : error APT2126: file not found. [E:\Rohit_Mundhe\WOrk\GroceryApp\GroceryApp.csproj::TargetFramework=net9.0-android]
Resources\izetizer\r\mipmap-xhdpi\appicon_background.png : error APT2126:  [E:\Rohit_Mundhe\WOrk\GroceryApp\GroceryApp.csproj::TargetFramework=net9.0-android]
Resources\izetizer\sp\drawable-mdpi\splash.png : error APT2126: file not found. [E:\Rohit_Mundhe\WOrk\GroceryApp\GroceryApp.csproj::TargetFramework=net9.0-android]
Resources\izetizer\sp\drawable-mdpi\splash.png : error APT2126:  [E:\Rohit_Mundhe\WOrk\GroceryApp\GroceryApp.csproj::TargetFramework=net9.0-android]
Resources\izetizer\r\mipmap-xhdpi\appicon_round.png : error APT2126: file not found. [E:\Rohit_Mundhe\WOrk\GroceryApp\GroceryApp.csproj::TargetFramework=net9.0-android]
Resources\izetizer\r\mipmap-xhdpi\appicon_round.png : error APT2126:  [E:\Rohit_Mundhe\WOrk\GroceryApp\GroceryApp.csproj::TargetFramework=net9.0-android]
Resources\izetizer\r\mipmap-mdpi\appicon_round.png : error APT2126: file not found. [E:\Rohit_Mundhe\WOrk\GroceryApp\GroceryApp.csproj::TargetFramework=net9.0-android]
Resources\izetizer\r\mipmap-mdpi\appicon_round.png : error APT2126:  [E:\Rohit_Mundhe\WOrk\GroceryApp\GroceryApp.csproj::TargetFramework=net9.0-android]
Resources\izetizer\r\drawable-xhdpi\dotnet_bot.png : error APT2126: file not found. [E:\Rohit_Mundhe\WOrk\GroceryApp\GroceryApp.csproj::TargetFramework=net9.0-android]
Resources\izetizer\r\drawable-xhdpi\dotnet_bot.png : error APT2126:  [E:\Rohit_Mundhe\WOrk\GroceryApp\GroceryApp.csproj::TargetFramework=net9.0-android]
Resources\izetizer\r\mipmap-xxxhdpi\appicon_foreground.png : error APT2126: file not found. [E:\Rohit_Mundhe\WOrk\GroceryApp\GroceryApp.csproj::TargetFramework=net9.0-android]
Resources\izetizer\r\mipmap-xxxhdpi\appicon_foreground.png : error APT2126:  [E:\Rohit_Mundhe\WOrk\GroceryApp\GroceryApp.csproj::TargetFramework=net9.0-android]
Resources\izetizer\r\mipmap-xhdpi\appicon_foreground.png : error APT2126: file not found. [E:\Rohit_Mundhe\WOrk\GroceryApp\GroceryApp.csproj::TargetFramework=net9.0-android]
Resources\izetizer\r\mipmap-xhdpi\appicon_foreground.png : error APT2126:  [E:\Rohit_Mundhe\WOrk\GroceryApp\GroceryApp.csproj::TargetFramework=net9.0-android]
Resources\izetizer\r\mipmap-mdpi\appicon_foreground.png : error APT2126: file not found. [E:\Rohit_Mundhe\WOrk\GroceryApp\GroceryApp.csproj::TargetFramework=net9.0-android]
Resources\izetizer\r\mipmap-mdpi\appicon_foreground.png : error APT2126:  [E:\Rohit_Mundhe\WOrk\GroceryApp\GroceryApp.csproj::TargetFramework=net9.0-android]
Resources\izetizer\sp\drawable\maui_splash_image.xml : error APT2126: file not found. [E:\Rohit_Mundhe\WOrk\GroceryApp\GroceryApp.csproj::TargetFramework=net9.0-android]
Resources\izetizer\sp\drawable\maui_splash_image.xml : error APT2126:  [E:\Rohit_Mundhe\WOrk\GroceryApp\GroceryApp.csproj::TargetFramework=net9.0-android]
Resources\izetizer\r\mipmap-xxhdpi\appicon_round.png : error APT2126: file not found. [E:\Rohit_Mundhe\WOrk\GroceryApp\GroceryApp.csproj::TargetFramework=net9.0-android]
Resources\izetizer\r\mipmap-xxhdpi\appicon_round.png : error APT2126:  [E:\Rohit_Mundhe\WOrk\GroceryApp\GroceryApp.csproj::TargetFramework=net9.0-android]
Resources\izetizer\r\mipmap-hdpi\appicon_foreground.png : error APT2126: file not found. [E:\Rohit_Mundhe\WOrk\GroceryApp\GroceryApp.csproj::TargetFramework=net9.0-android]
Resources\izetizer\r\mipmap-hdpi\appicon_foreground.png : error APT2126:  [E:\Rohit_Mundhe\WOrk\GroceryApp\GroceryApp.csproj::TargetFramework=net9.0-android]
Resources\izetizer\sp\drawable-hdpi\splash.png : error APT2126: file not found. [E:\Rohit_Mundhe\WOrk\GroceryApp\GroceryApp.csproj::TargetFramework=net9.0-android]
Resources\izetizer\sp\drawable-hdpi\splash.png : error APT2126:  [E:\Rohit_Mundhe\WOrk\GroceryApp\GroceryApp.csproj::TargetFramework=net9.0-android]
Resources\izetizer\r\mipmap-hdpi\appicon.png : error APT2126: file not found. [E:\Rohit_Mundhe\WOrk\GroceryApp\GroceryApp.csproj::TargetFramework=net9.0-android]
Resources\izetizer\r\mipmap-hdpi\appicon.png : error APT2126:  [E:\Rohit_Mundhe\WOrk\GroceryApp\GroceryApp.csproj::TargetFramework=net9.0-android]
Resources\izetizer\sp\drawable-v31\maui_splash_image.xml : error APT2126: file not found. [E:\Rohit_Mundhe\WOrk\GroceryApp\GroceryApp.csproj::TargetFramework=net9.0-android]
Resources\izetizer\sp\drawable-v31\maui_splash_image.xml : error APT2126:  [E:\Rohit_Mundhe\WOrk\GroceryApp\GroceryApp.csproj::TargetFramework=net9.0-android]
Resources\izetizer\r\mipmap-xxxhdpi\appicon.png : error APT2126: file not found. [E:\Rohit_Mundhe\WOrk\GroceryApp\GroceryApp.csproj::TargetFramework=net9.0-android]
Resources\izetizer\r\mipmap-xxxhdpi\appicon.png : error APT2126:  [E:\Rohit_Mundhe\WOrk\GroceryApp\GroceryApp.csproj::TargetFramework=net9.0-android]
Resources\izetizer\r\mipmap-mdpi\appicon.png : error APT2126: file not found. [E:\Rohit_Mundhe\WOrk\GroceryApp\GroceryApp.csproj::TargetFramework=net9.0-android]
Resources\izetizer\r\mipmap-mdpi\appicon.png : error APT2126:  [E:\Rohit_Mundhe\WOrk\GroceryApp\GroceryApp.csproj::TargetFramework=net9.0-android]
Resources\izetizer\r\mipmap-anydpi-v26\appicon_round.xml : error APT2126: file not found. [E:\Rohit_Mundhe\WOrk\GroceryApp\GroceryApp.csproj::TargetFramework=net9.0-android]
Resources\izetizer\r\mipmap-anydpi-v26\appicon_round.xml : error APT2126:  [E:\Rohit_Mundhe\WOrk\GroceryApp\GroceryApp.csproj::TargetFramework=net9.0-android]
Resources\izetizer\sp\drawable-xxxhdpi\splash.png : error APT2126: file not found. [E:\Rohit_Mundhe\WOrk\GroceryApp\GroceryApp.csproj::TargetFramework=net9.0-android]
Resources\izetizer\sp\drawable-xxxhdpi\splash.png : error APT2126:  [E:\Rohit_Mundhe\WOrk\GroceryApp\GroceryApp.csproj::TargetFramework=net9.0-android]
Resources\izetizer\r\mipmap-xxhdpi\appicon_background.png : error APT2126: file not found. [E:\Rohit_Mundhe\WOrk\GroceryApp\GroceryApp.csproj::TargetFramework=net9.0-android]
Resources\izetizer\r\mipmap-xxhdpi\appicon_background.png : error APT2126:  [E:\Rohit_Mundhe\WOrk\GroceryApp\GroceryApp.csproj::TargetFramework=net9.0-android]
Resources\izetizer\r\mipmap-xhdpi\appicon.png : error APT2126: file not found. [E:\Rohit_Mundhe\WOrk\GroceryApp\GroceryApp.csproj::TargetFramework=net9.0-android]
Resources\izetizer\r\mipmap-xhdpi\appicon.png : error APT2126:  [E:\Rohit_Mundhe\WOrk\GroceryApp\GroceryApp.csproj::TargetFramework=net9.0-android]
Resources\izetizer\r\mipmap-mdpi\appicon_background.png : error APT2126: file not found. [E:\Rohit_Mundhe\WOrk\GroceryApp\GroceryApp.csproj::TargetFramework=net9.0-android]
Resources\izetizer\r\mipmap-mdpi\appicon_background.png : error APT2126:  [E:\Rohit_Mundhe\WOrk\GroceryApp\GroceryApp.csproj::TargetFramework=net9.0-android]
Resources\izetizer\r\mipmap-anydpi-v26\appicon.xml : error APT2126: file not found. [E:\Rohit_Mundhe\WOrk\GroceryApp\GroceryApp.csproj::TargetFramework=net9.0-android]
Resources\izetizer\r\mipmap-anydpi-v26\appicon.xml : error APT2126:  [E:\Rohit_Mundhe\WOrk\GroceryApp\GroceryApp.csproj::TargetFramework=net9.0-android]
Resources\izetizer\sp\values\maui_colors.xml : error APT2126: file not found. [E:\Rohit_Mundhe\WOrk\GroceryApp\GroceryApp.csproj::TargetFramework=net9.0-android]
Resources\izetizer\sp\values\maui_colors.xml : error APT2126:  [E:\Rohit_Mundhe\WOrk\GroceryApp\GroceryApp.csproj::TargetFramework=net9.0-android]
Resources\izetizer\r\mipmap-hdpi\appicon_round.png : error APT2126: file not found. [E:\Rohit_Mundhe\WOrk\GroceryApp\GroceryApp.csproj::TargetFramework=net9.0-android]
Resources\izetizer\r\mipmap-hdpi\appicon_round.png : error APT2126:  [E:\Rohit_Mundhe\WOrk\GroceryApp\GroceryApp.csproj::TargetFramework=net9.0-android]
Resources\izetizer\r\drawable-xxxhdpi\dotnet_bot.png : error APT2126: file not found. [E:\Rohit_Mundhe\WOrk\GroceryApp\GroceryApp.csproj::TargetFramework=net9.0-android]
Resources\izetizer\r\drawable-xxxhdpi\dotnet_bot.png : error APT2126:  [E:\Rohit_Mundhe\WOrk\GroceryApp\GroceryApp.csproj::TargetFramework=net9.0-android]
Resources\izetizer\r\drawable-mdpi\dotnet_bot.png : error APT2126: file not found. [E:\Rohit_Mundhe\WOrk\GroceryApp\GroceryApp.csproj::TargetFramework=net9.0-android]
Resources\izetizer\r\drawable-mdpi\dotnet_bot.png : error APT2126:  [E:\Rohit_Mundhe\WOrk\GroceryApp\GroceryApp.csproj::TargetFramework=net9.0-android]
Resources\izetizer\r\mipmap-xxxhdpi\appicon_round.png : error APT2126: file not found. [E:\Rohit_Mundhe\WOrk\GroceryApp\GroceryApp.csproj::TargetFramework=net9.0-android]
Resources\izetizer\r\mipmap-xxxhdpi\appicon_round.png : error APT2126:  [E:\Rohit_Mundhe\WOrk\GroceryApp\GroceryApp.csproj::TargetFramework=net9.0-android]
Resources\izetizer\r\mipmap-hdpi\appicon_background.png : error APT2126: file not found. [E:\Rohit_Mundhe\WOrk\GroceryApp\GroceryApp.csproj::TargetFramework=net9.0-android]
Resources\izetizer\r\mipmap-hdpi\appicon_background.png : error APT2126:  [E:\Rohit_Mundhe\WOrk\GroceryApp\GroceryApp.csproj::TargetFramework=net9.0-android]
Resources\izetizer\r\drawable-xxhdpi\dotnet_bot.png : error APT2126: file not found. [E:\Rohit_Mundhe\WOrk\GroceryApp\GroceryApp.csproj::TargetFramework=net9.0-android]
Resources\izetizer\r\drawable-xxhdpi\dotnet_bot.png : error APT2126:  [E:\Rohit_Mundhe\WOrk\GroceryApp\GroceryApp.csproj::TargetFramework=net9.0-android]
Resources\izetizer\sp\drawable-xxhdpi\splash.png : error APT2126: file not found. [E:\Rohit_Mundhe\WOrk\GroceryApp\GroceryApp.csproj::TargetFramework=net9.0-android]
Resources\izetizer\sp\drawable-xxhdpi\splash.png : error APT2126:  [E:\Rohit_Mundhe\WOrk\GroceryApp\GroceryApp.csproj::TargetFramework=net9.0-android]
    0 Warning(s)
    35 Error(s)

Time Elapsed 00:00:02.60

Workload updates are available. Run `dotnet workload list` for more information.
